<?xml version="1.0" encoding="UTF-8"?>
<!-- Generated by org.testng.reporters.JUnitXMLReporter -->
<testsuite ignored="0" hostname="DajtobieZ" failures="0" tests="3" name="SaveTestNGResultToExcel" time="4.147" errors="0" timestamp="2025-04-09T10:11:08 ICT">
  <testcase classname="Lab6.SaveTestNGResultToExcel" name="launchWebsite" time="1.735"/>
  <testcase classname="Lab6.SaveTestNGResultToExcel" name="fillLoginDetails" time="0.1"/>
  <testcase classname="Lab6.SaveTestNGResultToExcel" name="doLogin" time="0.658"/>
</testsuite> <!-- SaveTestNGResultToExcel -->
